CREATE EXTENSION stringtheory;
ERROR:  extension "stringtheory" already exists
-- no match
SELECT stringtheory.strstr('hello', 'world');
 strstr 
--------
     -1
(1 row)

-- match with 0
SELECT stringtheory.strstr('hello', 'hello');
 strstr 
--------
      0
(1 row)

-- match on a 16 byte boundary
SELECT stringtheory.strstr('1234567890123456', '1234567890123456');
 strstr 
--------
      0
(1 row)

-- match when partial
SELECT stringtheory.strstr('123456', '12345');
 strstr 
--------
      0
(1 row)

-- needle found in haystack
SELECT stringtheory.strstr('hello world', 'ello');
 strstr 
--------
      1
(1 row)

-- haystack in needle not found
SELECT stringtheory.strstr('ello', 'hello world');
 strstr 
--------
     -1
(1 row)

